c:\users\david\documents\c++files\emulatorandclassdiagram\footronemulator\footronemulator\x64\debug\vc143.pdb
c:\users\david\documents\c++files\emulatorandclassdiagram\footronemulator\footronemulator\x64\debug\vc143.idb
c:\users\david\documents\c++files\emulatorandclassdiagram\footronemulator\footronemulator\x64\debug\tron.obj
c:\users\david\documents\c++files\emulatorandclassdiagram\footronemulator\footronemulator\x64\debug\programcounter.obj
c:\users\david\documents\c++files\emulatorandclassdiagram\footronemulator\footronemulator\x64\debug\memory.obj
c:\users\david\documents\c++files\emulatorandclassdiagram\footronemulator\footronemulator\x64\debug\footronemulator.obj
c:\users\david\documents\c++files\emulatorandclassdiagram\footronemulator\footronemulator\x64\debug\filereader.obj
c:\users\david\documents\c++files\emulatorandclassdiagram\footronemulator\footronemulator\x64\debug\cpu.obj
c:\users\david\documents\c++files\emulatorandclassdiagram\footronemulator\footronemulator\x64\debug\accumulator.obj
c:\users\david\documents\c++files\resume work\footron-emulator\footronemulator\footronemulator\x64\debug\vc143.pdb
c:\users\david\documents\c++files\resume work\footron-emulator\footronemulator\footronemulator\x64\debug\vc143.idb
c:\users\david\documents\c++files\resume work\footron-emulator\footronemulator\footronemulator\x64\debug\tron.obj
c:\users\david\documents\c++files\resume work\footron-emulator\footronemulator\footronemulator\x64\debug\programcounter.obj
c:\users\david\documents\c++files\resume work\footron-emulator\footronemulator\footronemulator\x64\debug\memory.obj
c:\users\david\documents\c++files\resume work\footron-emulator\footronemulator\footronemulator\x64\debug\footronemulator.obj
c:\users\david\documents\c++files\resume work\footron-emulator\footronemulator\footronemulator\x64\debug\filereader.obj
c:\users\david\documents\c++files\resume work\footron-emulator\footronemulator\footronemulator\x64\debug\cpu.obj
c:\users\david\documents\c++files\resume work\footron-emulator\footronemulator\footronemulator\x64\debug\accumulator.obj
c:\users\david\documents\c++files\emulatorandclassdiagram\footronemulator\footronemulator\x64\debug\footronemulator.ilk
c:\users\david\documents\c++files\emulatorandclassdiagram\footronemulator\x64\debug\footronemulator.exe
c:\users\david\documents\c++files\emulatorandclassdiagram\footronemulator\x64\debug\footronemulator.pdb
c:\users\david\documents\c++files\resume work\footron-emulator\footronemulator\x64\debug\footronemulator.exe
c:\users\david\documents\c++files\resume work\footron-emulator\footronemulator\footronemulator\x64\debug\footronemulator.ilk
c:\users\david\documents\c++files\resume work\footron-emulator\footronemulator\x64\debug\footronemulator.pdb
c:\users\david\documents\c++files\resume work\footron-emulator\footronemulator\footronemulator\x64\debug\footronemulator.tlog\cl.command.1.tlog
c:\users\david\documents\c++files\resume work\footron-emulator\footronemulator\footronemulator\x64\debug\footronemulator.tlog\cl.read.1.tlog
c:\users\david\documents\c++files\resume work\footron-emulator\footronemulator\footronemulator\x64\debug\footronemulator.tlog\cl.write.1.tlog
c:\users\david\documents\c++files\resume work\footron-emulator\footronemulator\footronemulator\x64\debug\footronemulator.tlog\link.command.1.tlog
c:\users\david\documents\c++files\resume work\footron-emulator\footronemulator\footronemulator\x64\debug\footronemulator.tlog\link.read.1.tlog
c:\users\david\documents\c++files\resume work\footron-emulator\footronemulator\footronemulator\x64\debug\footronemulator.tlog\link.write.1.tlog
